#
# There is insufficient memory for the Java Runtime Environment to continue.
# Native memory allocation (malloc) failed to allocate 33936 bytes for Chunk::new
# Possible reasons:
#   The system is out of physical RAM or swap space
#   The process is running with CompressedOops enabled, and the Java Heap may be blocking the growth of the native heap
# Possible solutions:
#   Reduce memory load on the system
#   Increase physical memory or swap space
#   Check if swap backing store is full
#   Decrease Java heap size (-Xmx/-Xms)
#   Decrease number of Java threads
#   Decrease Java thread stack sizes (-Xss)
#   Set larger code cache with -XX:ReservedCodeCacheSize=
#   JVM is running with Unscaled Compressed Oops mode in which the Java heap is
#     placed in the first 4GB address space. The Java Heap base address is the
#     maximum limit for the native heap growth. Please use -XX:HeapBaseMinAddress
#     to set the Java Heap base and to place the Java Heap above 4GB virtual address.
# This output file may be truncated or incomplete.
#
#  Out of Memory Error (c:/BuildAgent/work/64e6ab55ab19e5a9/src/hotspot/share/memory/arena.cpp:197), pid=10088, tid=17536
#
# JRE version: OpenJDK Runtime Environment (11.0.2+9) (build 11.0.2+9-b159.60)
# Java VM: OpenJDK 64-Bit Server VM (11.0.2+9-b159.60, mixed mode, sharing, tiered, compressed oops, g1 gc, windows-amd64)
# No core dump will be written. Minidumps are not enabled by default on client versions of Windows
#

---------------  S U M M A R Y ------------

Command Line: com.intellij.util.ReadEnv C:\Users\Administrator\AppData\Local\Temp\intellij-cmd-env.tmp

Host: Intel(R) Core(TM) i5-8300H CPU @ 2.30GHz, 8 cores, 7G,  Windows 10 , 64 bit Build 19041 (10.0.19041.662)
Time: Tue Dec 29 16:38:15 2020 中国标准时间 elapsed time: 0 seconds (0d 0h 0m 0s)

---------------  T H R E A D  ---------------

Current thread (0x00000258bc9e4800):  JavaThread "C2 CompilerThread0" daemon [_thread_in_native, id=17536, stack(0x000000cee1100000,0x000000cee1200000)]


Current CompileTask:
C2:    113   15       4       java.lang.StringLatin1::hashCode (42 bytes)

Stack: [0x000000cee1100000,0x000000cee1200000]
Native frames: (J=compiled Java code, j=interpreted, Vv=VM code, C=native code)
V  [jvm.dll+0x5da82a]
V  [jvm.dll+0x70b6c9]
V  [jvm.dll+0x70cbe8]
V  [jvm.dll+0x70d2b3]
V  [jvm.dll+0x240f18]
V  [jvm.dll+0xb938c]
V  [jvm.dll+0xb988c]
V  [jvm.dll+0x2b4bc4]
V  [jvm.dll+0x5001b2]
V  [jvm.dll+0x1fc13c]
V  [jvm.dll+0x1f973f]
V  [jvm.dll+0x17fb9b]
V  [jvm.dll+0x207a87]
V  [jvm.dll+0x206322]
V  [jvm.dll+0x6d86ff]
V  [jvm.dll+0x6d14fd]
V  [jvm.dll+0x5d9b06]
C  [ucrtbase.dll+0x214c2]
C  [KERNEL32.DLL+0x17034]
C  [ntdll.dll+0x4d0d1]


---------------  P R O C E S S  ---------------

Threads class SMR info:
_java_thread_list=0x00000258bd783b10, length=10, elements={
0x00000258a2603000, 0x00000258bc9cb000, 0x00000258bc9cc000, 0x00000258bc9e1000,
0x00000258bc9e2000, 0x00000258bc9e4800, 0x00000258bc9e7800, 0x00000258bc9ea800,
0x00000258bd6b6800, 0x00000258bd786800
}

Java Threads: ( => current thread )
  0x00000258a2603000 JavaThread "main" [_thread_in_vm, id=4016, stack(0x000000cee0600000,0x000000cee0700000)]
  0x00000258bc9cb000 JavaThread "Reference Handler" daemon [_thread_blocked, id=13272, stack(0x000000cee0d00000,0x000000cee0e00000)]
  0x00000258bc9cc000 JavaThread "Finalizer" daemon [_thread_blocked, id=13116, stack(0x000000cee0e00000,0x000000cee0f00000)]
  0x00000258bc9e1000 JavaThread "Signal Dispatcher" daemon [_thread_blocked, id=4856, stack(0x000000cee0f00000,0x000000cee1000000)]
  0x00000258bc9e2000 JavaThread "Attach Listener" daemon [_thread_blocked, id=20396, stack(0x000000cee1000000,0x000000cee1100000)]
=>0x00000258bc9e4800 JavaThread "C2 CompilerThread0" daemon [_thread_in_native, id=17536, stack(0x000000cee1100000,0x000000cee1200000)]
  0x00000258bc9e7800 JavaThread "C1 CompilerThread0" daemon [_thread_blocked, id=13704, stack(0x000000cee1200000,0x000000cee1300000)]
  0x00000258bc9ea800 JavaThread "Sweeper thread" daemon [_thread_blocked, id=2592, stack(0x000000cee1300000,0x000000cee1400000)]
  0x00000258bd6b6800 JavaThread "Service Thread" daemon [_thread_blocked, id=12188, stack(0x000000cee1400000,0x000000cee1500000)]
  0x00000258bd786800 JavaThread "Common-Cleaner" daemon [_thread_blocked, id=11724, stack(0x000000cee1600000,0x000000cee1700000)]

Other Threads:
  0x00000258bc9c3000 VMThread "VM Thread" [stack: 0x000000cee0c00000,0x000000cee0d00000] [id=17804]
  0x00000258bd781000 WatcherThread [stack: 0x000000cee1500000,0x000000cee1600000] [id=17140]
  0x00000258a261b800 GCTaskThread "GC Thread#0" [stack: 0x000000cee0700000,0x000000cee0800000] [id=2772]
  0x00000258a264c800 ConcurrentGCThread "G1 Main Marker" [stack: 0x000000cee0800000,0x000000cee0900000] [id=12988]
  0x00000258a264e000 ConcurrentGCThread "G1 Conc#0" [stack: 0x000000cee0900000,0x000000cee0a00000] [id=19832]
  0x00000258bc860800 ConcurrentGCThread "G1 Refine#0" [stack: 0x000000cee0a00000,0x000000cee0b00000] [id=2920]
  0x00000258bc861800 ConcurrentGCThread "G1 Young RemSet Sampling" [stack: 0x000000cee0b00000,0x000000cee0c00000] [id=20588]

Threads with active compile tasks:
C2 CompilerThread0  15       4       java.lang.StringLatin1::hashCode (42 bytes)

VM state:not at safepoint (normal execution)

VM Mutex/Monitor currently owned by a thread: None

Heap address: 0x0000000081e00000, size: 2018 MB, Compressed Oops mode: 32-bit
Narrow klass base: 0x0000000800000000, Narrow klass shift: 3
Compressed class space size: 1073741824 Address: 0x0000000840000000

Heap:
 garbage-first heap   total 131072K, used 1024K [0x0000000081e00000, 0x0000000100000000)
  region size 1024K, 2 young (2048K), 0 survivors (0K)
 Metaspace       used 222K, capacity 656K, committed 896K, reserved 1060864K
  class space    used 8K, capacity 384K, committed 384K, reserved 1048576K
Heap Regions: E=young(eden), S=young(survivor), O=old, HS=humongous(starts), HC=humongous(continues), CS=collection set, F=free, A=archive, TAMS=top-at-mark-start (previous, next)
|   0|0x0000000081e00000, 0x0000000081e00000, 0x0000000081f00000|  0%| F|  |TAMS 0x0000000081e00000, 0x0000000081e00000| Untracked 
|   1|0x0000000081f00000, 0x0000000081f00000, 0x0000000082000000|  0%| F|  |TAMS 0x0000000081f00000, 0x0000000081f00000| Untracked 
|   2|0x0000000082000000, 0x0000000082000000, 0x0000000082100000|  0%| F|  |TAMS 0x0000000082000000, 0x0000000082000000| Untracked 
|   3|0x0000000082100000, 0x0000000082100000, 0x0000000082200000|  0%| F|  |TAMS 0x0000000082100000, 0x0000000082100000| Untracked 
|   4|0x0000000082200000, 0x0000000082200000, 0x0000000082300000|  0%| F|  |TAMS 0x0000000082200000, 0x0000000082200000| Untracked 
|   5|0x0000000082300000, 0x0000000082300000, 0x0000000082400000|  0%| F|  |TAMS 0x0000000082300000, 0x0000000082300000| Untracked 
|   6|0x0000000082400000, 0x0000000082400000, 0x0000000082500000|  0%| F|  |TAMS 0x0000000082400000, 0x0000000082400000| Untracked 
|   7|0x0000000082500000, 0x0000000082500000, 0x0000000082600000|  0%| F|  |TAMS 0x0000000082500000, 0x0000000082500000| Untracked 
|   8|0x0000000082600000, 0x0000000082600000, 0x0000000082700000|  0%| F|  |TAMS 0x0000000082600000, 0x0000000082600000| Untracked 
|   9|0x0000000082700000, 0x0000000082700000, 0x0000000082800000|  0%| F|  |TAMS 0x0000000082700000, 0x0000000082700000| Untracked 
|  10|0x0000000082800000, 0x0000000082800000, 0x0000000082900000|  0%| F|  |TAMS 0x0000000082800000, 0x0000000082800000| Untracked 
|  11|0x0000000082900000, 0x0000000082900000, 0x0000000082a00000|  0%| F|  |TAMS 0x0000000082900000, 0x0000000082900000| Untracked 
|  12|0x0000000082a00000, 0x0000000082a00000, 0x0000000082b00000|  0%| F|  |TAMS 0x0000000082a00000, 0x0000000082a00000| Untracked 
|  13|0x0000000082b00000, 0x0000000082b00000, 0x0000000082c00000|  0%| F|  |TAMS 0x0000000082b00000, 0x0000000082b00000| Untracked 
|  14|0x0000000082c00000, 0x0000000082c00000, 0x0000000082d00000|  0%| F|  |TAMS 0x0000000082c00000, 0x0000000082c00000| Untracked 
|  15|0x0000000082d00000, 0x0000000082d00000, 0x0000000082e00000|  0%| F|  |TAMS 0x0000000082d00000, 0x0000000082d00000| Untracked 
|  16|0x0000000082e00000, 0x0000000082e00000, 0x0000000082f00000|  0%| F|  |TAMS 0x0000000082e00000, 0x0000000082e00000| Untracked 
|  17|0x0000000082f00000, 0x0000000082f00000, 0x0000000083000000|  0%| F|  |TAMS 0x0000000082f00000, 0x0000000082f00000| Untracked 
|  18|0x0000000083000000, 0x0000000083000000, 0x0000000083100000|  0%| F|  |TAMS 0x0000000083000000, 0x0000000083000000| Untracked 
|  19|0x0000000083100000, 0x0000000083100000, 0x0000000083200000|  0%| F|  |TAMS 0x0000000083100000, 0x0000000083100000| Untracked 
|  20|0x0000000083200000, 0x0000000083200000, 0x0000000083300000|  0%| F|  |TAMS 0x0000000083200000, 0x0000000083200000| Untracked 
|  21|0x0000000083300000, 0x0000000083300000, 0x0000000083400000|  0%| F|  |TAMS 0x0000000083300000, 0x0000000083300000| Untracked 
|  22|0x0000000083400000, 0x0000000083400000, 0x0000000083500000|  0%| F|  |TAMS 0x0000000083400000, 0x0000000083400000| Untracked 
|  23|0x0000000083500000, 0x0000000083500000, 0x0000000083600000|  0%| F|  |TAMS 0x0000000083500000, 0x0000000083500000| Untracked 
|  24|0x0000000083600000, 0x0000000083600000, 0x0000000083700000|  0%| F|  |TAMS 0x0000000083600000, 0x0000000083600000| Untracked 
|  25|0x0000000083700000, 0x0000000083700000, 0x0000000083800000|  0%| F|  |TAMS 0x0000000083700000, 0x0000000083700000| Untracked 
|  26|0x0000000083800000, 0x0000000083800000, 0x0000000083900000|  0%| F|  |TAMS 0x0000000083800000, 0x0000000083800000| Untracked 
|  27|0x0000000083900000, 0x0000000083900000, 0x0000000083a00000|  0%| F|  |TAMS 0x0000000083900000, 0x0000000083900000| Untracked 
|  28|0x0000000083a00000, 0x0000000083a00000, 0x0000000083b00000|  0%| F|  |TAMS 0x0000000083a00000, 0x0000000083a00000| Untracked 
|  29|0x0000000083b00000, 0x0000000083b00000, 0x0000000083c00000|  0%| F|  |TAMS 0x0000000083b00000, 0x0000000083b00000| Untracked 
|  30|0x0000000083c00000, 0x0000000083c00000, 0x0000000083d00000|  0%| F|  |TAMS 0x0000000083c00000, 0x0000000083c00000| Untracked 
|  31|0x0000000083d00000, 0x0000000083d00000, 0x0000000083e00000|  0%| F|  |TAMS 0x0000000083d00000, 0x0000000083d00000| Untracked 
|  32|0x0000000083e00000, 0x0000000083e00000, 0x0000000083f00000|  0%| F|  |TAMS 0x0000000083e00000, 0x0000000083e00000| Untracked 
|  33|0x0000000083f00000, 0x0000000083f00000, 0x0000000084000000|  0%| F|  |TAMS 0x0000000083f00000, 0x0000000083f00000| Untracked 
|  34|0x0000000084000000, 0x0000000084000000, 0x0000000084100000|  0%| F|  |TAMS 0x0000000084000000, 0x0000000084000000| Untracked 
|  35|0x0000000084100000, 0x0000000084100000, 0x0000000084200000|  0%| F|  |TAMS 0x0000000084100000, 0x0000000084100000| Untracked 
|  36|0x0000000084200000, 0x0000000084200000, 0x0000000084300000|  0%| F|  |TAMS 0x0000000084200000, 0x0000000084200000| Untracked 
|  37|0x0000000084300000, 0x0000000084300000, 0x0000000084400000|  0%| F|  |TAMS 0x0000000084300000, 0x0000000084300000| Untracked 
|  38|0x0000000084400000, 0x0000000084400000, 0x0000000084500000|  0%| F|  |TAMS 0x0000000084400000, 0x0000000084400000| Untracked 
|  39|0x0000000084500000, 0x0000000084500000, 0x0000000084600000|  0%| F|  |TAMS 0x0000000084500000, 0x0000000084500000| Untracked 
|  40|0x0000000084600000, 0x0000000084600000, 0x0000000084700000|  0%| F|  |TAMS 0x0000000084600000, 0x0000000084600000| Untracked 
|  41|0x0000000084700000, 0x0000000084700000, 0x0000000084800000|  0%| F|  |TAMS 0x0000000084700000, 0x0000000084700000| Untracked 
|  42|0x0000000084800000, 0x0000000084800000, 0x0000000084900000|  0%| F|  |TAMS 0x0000000084800000, 0x0000000084800000| Untracked 
|  43|0x0000000084900000, 0x0000000084900000, 0x0000000084a00000|  0%| F|  |TAMS 0x0000000084900000, 0x0000000084900000| Untracked 
|  44|0x0000000084a00000, 0x0000000084a00000, 0x0000000084b00000|  0%| F|  |TAMS 0x0000000084a00000, 0x0000000084a00000| Untracked 
|  45|0x0000000084b00000, 0x0000000084b00000, 0x0000000084c00000|  0%| F|  |TAMS 0x0000000084b00000, 0x0000000084b00000| Untracked 
|  46|0x0000000084c00000, 0x0000000084c00000, 0x0000000084d00000|  0%| F|  |TAMS 0x0000000084c00000, 0x0000000084c00000| Untracked 
|  47|0x0000000084d00000, 0x0000000084d00000, 0x0000000084e00000|  0%| F|  |TAMS 0x0000000084d00000, 0x0000000084d00000| Untracked 
|  48|0x0000000084e00000, 0x0000000084e00000, 0x0000000084f00000|  0%| F|  |TAMS 0x0000000084e00000, 0x0000000084e00000| Untracked 
|  49|0x0000000084f00000, 0x0000000084f00000, 0x0000000085000000|  0%| F|  |TAMS 0x0000000084f00000, 0x0000000084f00000| Untracked 
|  50|0x0000000085000000, 0x0000000085000000, 0x0000000085100000|  0%| F|  |TAMS 0x0000000085000000, 0x0000000085000000| Untracked 
|  51|0x0000000085100000, 0x0000000085100000, 0x0000000085200000|  0%| F|  |TAMS 0x0000000085100000, 0x0000000085100000| Untracked 
|  52|0x0000000085200000, 0x0000000085200000, 0x0000000085300000|  0%| F|  |TAMS 0x0000000085200000, 0x0000000085200000| Untracked 
|  53|0x0000000085300000, 0x0000000085300000, 0x0000000085400000|  0%| F|  |TAMS 0x0000000085300000, 0x0000000085300000| Untracked 
|  54|0x0000000085400000, 0x0000000085400000, 0x0000000085500000|  0%| F|  |TAMS 0x0000000085400000, 0x0000000085400000| Untracked 
|  55|0x0000000085500000, 0x0000000085500000, 0x0000000085600000|  0%| F|  |TAMS 0x0000000085500000, 0x0000000085500000| Untracked 
|  56|0x0000000085600000, 0x0000000085600000, 0x0000000085700000|  0%| F|  |TAMS 0x0000000085600000, 0x0000000085600000| Untracked 
|  57|0x0000000085700000, 0x0000000085700000, 0x0000000085800000|  0%| F|  |TAMS 0x0000000085700000, 0x0000000085700000| Untracked 
|  58|0x0000000085800000, 0x0000000085800000, 0x0000000085900000|  0%| F|  |TAMS 0x0000000085800000, 0x0000000085800000| Untracked 
|  59|0x0000000085900000, 0x0000000085900000, 0x0000000085a00000|  0%| F|  |TAMS 0x0000000085900000, 0x0000000085900000| Untracked 
|  60|0x0000000085a00000, 0x0000000085a00000, 0x0000000085b00000|  0%| F|  |TAMS 0x0000000085a00000, 0x0000000085a00000| Untracked 
|  61|0x0000000085b00000, 0x0000000085b00000, 0x0000000085c00000|  0%| F|  |TAMS 0x0000000085b00000, 0x0000000085b00000| Untracked 
|  62|0x0000000085c00000, 0x0000000085c00000, 0x0000000085d00000|  0%| F|  |TAMS 0x0000000085c00000, 0x0000000085c00000| Untracked 
|  63|0x0000000085d00000, 0x0000000085d00000, 0x0000000085e00000|  0%| F|  |TAMS 0x0000000085d00000, 0x0000000085d00000| Untracked 
|  64|0x0000000085e00000, 0x0000000085e00000, 0x0000000085f00000|  0%| F|  |TAMS 0x0000000085e00000, 0x0000000085e00000| Untracked 
|  65|0x0000000085f00000, 0x0000000085f00000, 0x0000000086000000|  0%| F|  |TAMS 0x0000000085f00000, 0x0000000085f00000| Untracked 
|  66|0x0000000086000000, 0x0000000086000000, 0x0000000086100000|  0%| F|  |TAMS 0x0000000086000000, 0x0000000086000000| Untracked 
|  67|0x0000000086100000, 0x0000000086100000, 0x0000000086200000|  0%| F|  |TAMS 0x0000000086100000, 0x0000000086100000| Untracked 
|  68|0x0000000086200000, 0x0000000086200000, 0x0000000086300000|  0%| F|  |TAMS 0x0000000086200000, 0x0000000086200000| Untracked 
|  69|0x0000000086300000, 0x0000000086300000, 0x0000000086400000|  0%| F|  |TAMS 0x0000000086300000, 0x0000000086300000| Untracked 
|  70|0x0000000086400000, 0x0000000086400000, 0x0000000086500000|  0%| F|  |TAMS 0x0000000086400000, 0x0000000086400000| Untracked 
|  71|0x0000000086500000, 0x0000000086500000, 0x0000000086600000|  0%| F|  |TAMS 0x0000000086500000, 0x0000000086500000| Untracked 
|  72|0x0000000086600000, 0x0000000086600000, 0x0000000086700000|  0%| F|  |TAMS 0x0000000086600000, 0x0000000086600000| Untracked 
|  73|0x0000000086700000, 0x0000000086700000, 0x0000000086800000|  0%| F|  |TAMS 0x0000000086700000, 0x0000000086700000| Untracked 
|  74|0x0000000086800000, 0x0000000086800000, 0x0000000086900000|  0%| F|  |TAMS 0x0000000086800000, 0x0000000086800000| Untracked 
|  75|0x0000000086900000, 0x0000000086900000, 0x0000000086a00000|  0%| F|  |TAMS 0x0000000086900000, 0x0000000086900000| Untracked 
|  76|0x0000000086a00000, 0x0000000086a00000, 0x0000000086b00000|  0%| F|  |TAMS 0x0000000086a00000, 0x0000000086a00000| Untracked 
|  77|0x0000000086b00000, 0x0000000086b00000, 0x0000000086c00000|  0%| F|  |TAMS 0x0000000086b00000, 0x0000000086b00000| Untracked 
|  78|0x0000000086c00000, 0x0000000086c00000, 0x0000000086d00000|  0%| F|  |TAMS 0x0000000086c00000, 0x0000000086c00000| Untracked 
|  79|0x0000000086d00000, 0x0000000086d00000, 0x0000000086e00000|  0%| F|  |TAMS 0x0000000086d00000, 0x0000000086d00000| Untracked 
|  80|0x0000000086e00000, 0x0000000086e00000, 0x0000000086f00000|  0%| F|  |TAMS 0x0000000086e00000, 0x0000000086e00000| Untracked 
|  81|0x0000000086f00000, 0x0000000086f00000, 0x0000000087000000|  0%| F|  |TAMS 0x0000000086f00000, 0x0000000086f00000| Untracked 
|  82|0x0000000087000000, 0x0000000087000000, 0x0000000087100000|  0%| F|  |TAMS 0x0000000087000000, 0x0000000087000000| Untracked 
|  83|0x0000000087100000, 0x0000000087100000, 0x0000000087200000|  0%| F|  |TAMS 0x0000000087100000, 0x0000000087100000| Untracked 
|  84|0x0000000087200000, 0x0000000087200000, 0x0000000087300000|  0%| F|  |TAMS 0x0000000087200000, 0x0000000087200000| Untracked 
|  85|0x0000000087300000, 0x0000000087300000, 0x0000000087400000|  0%| F|  |TAMS 0x0000000087300000, 0x0000000087300000| Untracked 
|  86|0x0000000087400000, 0x0000000087400000, 0x0000000087500000|  0%| F|  |TAMS 0x0000000087400000, 0x0000000087400000| Untracked 
|  87|0x0000000087500000, 0x0000000087500000, 0x0000000087600000|  0%| F|  |TAMS 0x0000000087500000, 0x0000000087500000| Untracked 
|  88|0x0000000087600000, 0x0000000087600000, 0x0000000087700000|  0%| F|  |TAMS 0x0000000087600000, 0x0000000087600000| Untracked 
|  89|0x0000000087700000, 0x0000000087700000, 0x0000000087800000|  0%| F|  |TAMS 0x0000000087700000, 0x0000000087700000| Untracked 
|  90|0x0000000087800000, 0x0000000087800000, 0x0000000087900000|  0%| F|  |TAMS 0x0000000087800000, 0x0000000087800000| Untracked 
|  91|0x0000000087900000, 0x0000000087900000, 0x0000000087a00000|  0%| F|  |TAMS 0x0000000087900000, 0x0000000087900000| Untracked 
|  92|0x0000000087a00000, 0x0000000087a00000, 0x0000000087b00000|  0%| F|  |TAMS 0x0000000087a00000, 0x0000000087a00000| Untracked 
|  93|0x0000000087b00000, 0x0000000087b00000, 0x0000000087c00000|  0%| F|  |TAMS 0x0000000087b00000, 0x0000000087b00000| Untracked 
|  94|0x0000000087c00000, 0x0000000087c00000, 0x0000000087d00000|  0%| F|  |TAMS 0x0000000087c00000, 0x0000000087c00000| Untracked 
|  95|0x0000000087d00000, 0x0000000087d00000, 0x0000000087e00000|  0%| F|  |TAMS 0x0000000087d00000, 0x0000000087d00000| Untracked 
|  96|0x0000000087e00000, 0x0000000087e00000, 0x0000000087f00000|  0%| F|  |TAMS 0x0000000087e00000, 0x0000000087e00000| Untracked 
|  97|0x0000000087f00000, 0x0000000087f00000, 0x0000000088000000|  0%| F|  |TAMS 0x0000000087f00000, 0x0000000087f00000| Untracked 
|  98|0x0000000088000000, 0x0000000088000000, 0x0000000088100000|  0%| F|  |TAMS 0x0000000088000000, 0x0000000088000000| Untracked 
|  99|0x0000000088100000, 0x0000000088100000, 0x0000000088200000|  0%| F|  |TAMS 0x0000000088100000, 0x0000000088100000| Untracked 
| 100|0x0000000088200000, 0x0000000088200000, 0x0000000088300000|  0%| F|  |TAMS 0x0000000088200000, 0x0000000088200000| Untracked 
| 101|0x0000000088300000, 0x0000000088300000, 0x0000000088400000|  0%| F|  |TAMS 0x0000000088300000, 0x0000000088300000| Untracked 
| 102|0x0000000088400000, 0x0000000088400000, 0x0000000088500000|  0%| F|  |TAMS 0x0000000088400000, 0x0000000088400000| Untracked 
| 103|0x0000000088500000, 0x0000000088500000, 0x0000000088600000|  0%| F|  |TAMS 0x0000000088500000, 0x0000000088500000| Untracked 
| 104|0x0000000088600000, 0x0000000088600000, 0x0000000088700000|  0%| F|  |TAMS 0x0000000088600000, 0x0000000088600000| Untracked 
| 105|0x0000000088700000, 0x0000000088700000, 0x0000000088800000|  0%| F|  |TAMS 0x0000000088700000, 0x0000000088700000| Untracked 
| 106|0x0000000088800000, 0x0000000088800000, 0x0000000088900000|  0%| F|  |TAMS 0x0000000088800000, 0x0000000088800000| Untracked 
| 107|0x0000000088900000, 0x0000000088900000, 0x0000000088a00000|  0%| F|  |TAMS 0x0000000088900000, 0x0000000088900000| Untracked 
| 108|0x0000000088a00000, 0x0000000088a00000, 0x0000000088b00000|  0%| F|  |TAMS 0x0000000088a00000, 0x0000000088a00000| Untracked 
| 109|0x0000000088b00000, 0x0000000088b00000, 0x0000000088c00000|  0%| F|  |TAMS 0x0000000088b00000, 0x0000000088b00000| Untracked 
| 110|0x0000000088c00000, 0x0000000088c00000, 0x0000000088d00000|  0%| F|  |TAMS 0x0000000088c00000, 0x0000000088c00000| Untracked 
| 111|0x0000000088d00000, 0x0000000088d00000, 0x0000000088e00000|  0%| F|  |TAMS 0x0000000088d00000, 0x0000000088d00000| Untracked 
| 112|0x0000000088e00000, 0x0000000088e00000, 0x0000000088f00000|  0%| F|  |TAMS 0x0000000088e00000, 0x0000000088e00000| Untracked 
| 113|0x0000000088f00000, 0x0000000088f00000, 0x0000000089000000|  0%| F|  |TAMS 0x0000000088f00000, 0x0000000088f00000| Untracked 
| 114|0x0000000089000000, 0x0000000089000000, 0x0000000089100000|  0%| F|  |TAMS 0x0000000089000000, 0x0000000089000000| Untracked 
| 115|0x0000000089100000, 0x0000000089100000, 0x0000000089200000|  0%| F|  |TAMS 0x0000000089100000, 0x0000000089100000| Untracked 
| 116|0x0000000089200000, 0x0000000089200000, 0x0000000089300000|  0%| F|  |TAMS 0x0000000089200000, 0x0000000089200000| Untracked 
| 117|0x0000000089300000, 0x0000000089300000, 0x0000000089400000|  0%| F|  |TAMS 0x0000000089300000, 0x0000000089300000| Untracked 
| 118|0x0000000089400000, 0x0000000089400000, 0x0000000089500000|  0%| F|  |TAMS 0x0000000089400000, 0x0000000089400000| Untracked 
| 119|0x0000000089500000, 0x0000000089500000, 0x0000000089600000|  0%| F|  |TAMS 0x0000000089500000, 0x0000000089500000| Untracked 
| 120|0x0000000089600000, 0x0000000089600000, 0x0000000089700000|  0%| F|  |TAMS 0x0000000089600000, 0x0000000089600000| Untracked 
| 121|0x0000000089700000, 0x0000000089700000, 0x0000000089800000|  0%| F|  |TAMS 0x0000000089700000, 0x0000000089700000| Untracked 
| 122|0x0000000089800000, 0x0000000089800000, 0x0000000089900000|  0%| F|  |TAMS 0x0000000089800000, 0x0000000089800000| Untracked 
| 123|0x0000000089900000, 0x0000000089900000, 0x0000000089a00000|  0%| F|  |TAMS 0x0000000089900000, 0x0000000089900000| Untracked 
| 124|0x0000000089a00000, 0x0000000089a00000, 0x0000000089b00000|  0%| F|  |TAMS 0x0000000089a00000, 0x0000000089a00000| Untracked 
| 125|0x0000000089b00000, 0x0000000089b303f8, 0x0000000089c00000| 18%| E|  |TAMS 0x0000000089b00000, 0x0000000089b00000| Complete 
| 126|0x0000000089c00000, 0x0000000089cf6460, 0x0000000089d00000| 96%| E|  |TAMS 0x0000000089c00000, 0x0000000089c00000| Complete 
| 127|0x0000000089d00000, 0x0000000089e00000, 0x0000000089e00000|100%| E|CS|TAMS 0x0000000089d00000, 0x0000000089d00000| Complete 

Card table byte_map: [0x00000258b5810000,0x00000258b5c10000] _byte_map_base: 0x00000258b5401000

Marking Bits (Prev, Next): (CMBitMap*) 0x00000258a2643de8, (CMBitMap*) 0x00000258a2643e20
 Prev Bits: [0x00000258b6010000, 0x00000258b7f98000)
 Next Bits: [0x00000258b7fa0000, 0x00000258b9f28000)

Polling page: 0x00000258a26f0000

Metaspace:

Usage:
  Non-class:    272.00 KB capacity,   233.15 KB ( 86%) used,    38.35 KB ( 14%) free+waste,   512 bytes ( <1%) overhead. 
      Class:    384.00 KB capacity,    12.69 KB (  3%) used,   371.25 KB ( 97%) free+waste,    64 bytes ( <1%) overhead. 
       Both:    656.00 KB capacity,   245.84 KB ( 37%) used,   409.60 KB ( 62%) free+waste,   576 bytes ( <1%) overhead. 

Virtual space:
  Non-class space:       12.00 MB reserved,     512.00 KB (  4%) committed 
      Class space:        1.00 GB reserved,     384.00 KB ( <1%) committed 
             Both:        1.01 GB reserved,     896.00 KB ( <1%) committed 

Chunk freelists:
   Non-Class:  6.00 KB
       Class:  0 bytes
        Both:  6.00 KB

CodeHeap 'non-profiled nmethods': size=120000Kb used=20Kb max_used=20Kb free=119979Kb
 bounds [0x00000258ad480000, 0x00000258ad6f0000, 0x00000258b49b0000]
CodeHeap 'profiled nmethods': size=120000Kb used=137Kb max_used=137Kb free=119863Kb
 bounds [0x00000258a5f50000, 0x00000258a61c0000, 0x00000258ad480000]
CodeHeap 'non-nmethods': size=5760Kb used=1031Kb max_used=1031Kb free=4728Kb
 bounds [0x00000258a59b0000, 0x00000258a5c20000, 0x00000258a5f50000]
 total_blobs=435 nmethods=93 adapters=209
 compilation: enabled
              stopped_count=0, restarted_count=0
 full_count=0

Compilation events (10 events):
Event: 0.111 Thread 0x00000258bc9e7800   18       3       java.util.Objects::requireNonNull (14 bytes)
Event: 0.111 Thread 0x00000258bc9e7800 nmethod 18 0x00000258a5f55a10 code [0x00000258a5f55be0, 0x00000258a5f55e30]
Event: 0.111 Thread 0x00000258bc9e7800   19       3       java.util.AbstractCollection::<init> (5 bytes)
Event: 0.111 Thread 0x00000258bc9e7800 nmethod 19 0x00000258a5f55f10 code [0x00000258a5f560c0, 0x00000258a5f56298]
Event: 0.111 Thread 0x00000258bc9e7800   20       3       java.util.ImmutableCollections$AbstractImmutableCollection::<init> (5 bytes)
Event: 0.111 Thread 0x00000258bc9e7800 nmethod 20 0x00000258a5f56390 code [0x00000258a5f56540, 0x00000258a5f56778]
Event: 0.111 Thread 0x00000258bc9e7800   21       3       java.util.ImmutableCollections$AbstractImmutableSet::<init> (5 bytes)
Event: 0.111 Thread 0x00000258bc9e7800 nmethod 21 0x00000258a5f56890 code [0x00000258a5f56a60, 0x00000258a5f56cf8]
Event: 0.111 Thread 0x00000258bc9e7800   22       1       java.lang.Object::<init> (1 bytes)
Event: 0.111 Thread 0x00000258bc9e7800 nmethod 22 0x00000258ad480390 code [0x00000258ad480540, 0x00000258ad480678]

GC Heap History (0 events):
No events

Deoptimization events (0 events):
No events

Classes redefined (0 events):
No events

Internal exceptions (0 events):
No events

Events (8 events):
Event: 0.070 Thread 0x00000258a2603000 Thread added: 0x00000258a2603000
Event: 0.075 Thread 0x00000258bc9cb000 Thread added: 0x00000258bc9cb000
Event: 0.075 Thread 0x00000258bc9cc000 Thread added: 0x00000258bc9cc000
Event: 0.104 Thread 0x00000258bc9e1000 Thread added: 0x00000258bc9e1000
Event: 0.104 Thread 0x00000258bc9e2000 Thread added: 0x00000258bc9e2000
Event: 0.104 Thread 0x00000258bc9e4800 Thread added: 0x00000258bc9e4800
Event: 0.104 Thread 0x00000258bc9e7800 Thread added: 0x00000258bc9e7800
Event: 0.104 Thread 0x00000258bc9ea800 Thread added: 0x00000258bc9ea800


Dynamic libraries:
0x00007ff6c7860000 - 0x00007ff6c78a7000 	D:\Program Files\PyCharm 2019.1.3\jre64\bin\java.exe
0x00007ff8c46d0000 - 0x00007ff8c48c6000 	C:\WINDOWS\SYSTEM32\ntdll.dll
0x00007ff8c3d10000 - 0x00007ff8c3dcd000 	C:\WINDOWS\System32\KERNEL32.DLL
0x00007ff8c2130000 - 0x00007ff8c23f9000 	C:\WINDOWS\System32\KERNELBASE.dll
0x00007ff8c4390000 - 0x00007ff8c4530000 	C:\WINDOWS\System32\USER32.dll
0x00007ff8c1e10000 - 0x00007ff8c1e32000 	C:\WINDOWS\System32\win32u.dll
0x00007ff8c3450000 - 0x00007ff8c347a000 	C:\WINDOWS\System32\GDI32.dll
0x00007ff8c2520000 - 0x00007ff8c2629000 	C:\WINDOWS\System32\gdi32full.dll
0x00007ff8c2400000 - 0x00007ff8c249d000 	C:\WINDOWS\System32\msvcp_win.dll
0x00007ff8c1e40000 - 0x00007ff8c1f40000 	C:\WINDOWS\System32\ucrtbase.dll
0x00007ff8addd0000 - 0x00007ff8ae06b000 	C:\WINDOWS\WinSxS\amd64_microsoft.windows.common-controls_6595b64144ccf1df_6.0.19041.488_none_ca04af081b815d21\COMCTL32.dll
0x00007ff8c34f0000 - 0x00007ff8c358e000 	C:\WINDOWS\System32\msvcrt.dll
0x00007ff8c4660000 - 0x00007ff8c4690000 	C:\WINDOWS\System32\IMM32.DLL
0x00007ff8b02e0000 - 0x00007ff8b02f7000 	D:\Program Files\PyCharm 2019.1.3\jre64\bin\vcruntime140.dll
0x00007ff88bca0000 - 0x00007ff88bd3d000 	D:\Program Files\PyCharm 2019.1.3\jre64\bin\msvcp140.dll
0x00007ff86f560000 - 0x00007ff870016000 	D:\Program Files\PyCharm 2019.1.3\jre64\bin\server\jvm.dll
0x00007ff8c4240000 - 0x00007ff8c42ec000 	C:\WINDOWS\System32\ADVAPI32.dll
0x00007ff8c42f0000 - 0x00007ff8c438c000 	C:\WINDOWS\System32\sechost.dll
0x00007ff8c3be0000 - 0x00007ff8c3d0b000 	C:\WINDOWS\System32\RPCRT4.dll
0x00007ff8c2730000 - 0x00007ff8c2738000 	C:\WINDOWS\System32\PSAPI.DLL
0x00007ff8ae230000 - 0x00007ff8ae257000 	C:\WINDOWS\SYSTEM32\WINMM.dll
0x00007ff8bb230000 - 0x00007ff8bb239000 	C:\WINDOWS\SYSTEM32\WSOCK32.dll
0x00007ff8bb640000 - 0x00007ff8bb64a000 	C:\WINDOWS\SYSTEM32\VERSION.dll
0x00007ff8c3480000 - 0x00007ff8c34eb000 	C:\WINDOWS\System32\WS2_32.dll
0x00007ff8bff40000 - 0x00007ff8bff52000 	C:\WINDOWS\SYSTEM32\kernel.appcore.dll
0x00007ff8b0100000 - 0x00007ff8b0111000 	D:\Program Files\PyCharm 2019.1.3\jre64\bin\verify.dll
0x00007ff8bfc60000 - 0x00007ff8bfe44000 	C:\WINDOWS\SYSTEM32\DBGHELP.DLL
0x00007ff8a99f0000 - 0x00007ff8a9a1c000 	C:\WINDOWS\SYSTEM32\dbgcore.DLL
0x00007ff8c24a0000 - 0x00007ff8c2520000 	C:\WINDOWS\System32\bcryptPrimitives.dll
0x00007ff8ae980000 - 0x00007ff8ae9a9000 	D:\Program Files\PyCharm 2019.1.3\jre64\bin\java.dll
0x00007ff8ae900000 - 0x00007ff8ae917000 	D:\Program Files\PyCharm 2019.1.3\jre64\bin\zip.dll
0x00007ff8b0a50000 - 0x00007ff8b0a5b000 	D:\Program Files\PyCharm 2019.1.3\jre64\bin\jimage.dll
0x00007ff8c2d00000 - 0x00007ff8c3442000 	C:\WINDOWS\System32\SHELL32.dll
0x00007ff8a6080000 - 0x00007ff8a609a000 	D:\Program Files\PyCharm 2019.1.3\jre64\bin\net.dll
0x00007ff8b0c30000 - 0x00007ff8b0e1d000 	C:\WINDOWS\SYSTEM32\urlmon.dll
0x00007ff8b3350000 - 0x00007ff8b3450000 	C:\WINDOWS\SYSTEM32\WINHTTP.dll
0x00007ff8b1280000 - 0x00007ff8b1530000 	C:\WINDOWS\SYSTEM32\iertutil.dll
0x00007ff8c3880000 - 0x00007ff8c3bd6000 	C:\WINDOWS\System32\combase.dll
0x00007ff8c2860000 - 0x00007ff8c290e000 	C:\WINDOWS\System32\shcore.dll
0x00007ff8c1600000 - 0x00007ff8c166a000 	C:\WINDOWS\system32\mswsock.dll
0x00007ff8a4860000 - 0x00007ff8a4874000 	D:\Program Files\PyCharm 2019.1.3\jre64\bin\nio.dll

dbghelp: loaded successfully - version: 4.0.5 - missing functions: none
symbol engine: initialized successfully - sym options: 0x614 - pdb path: .;D:\Program Files\PyCharm 2019.1.3\jre64\bin;C:\WINDOWS\SYSTEM32;C:\WINDOWS\WinSxS\amd64_microsoft.windows.common-controls_6595b64144ccf1df_6.0.19041.488_none_ca04af081b815d21;D:\Program Files\PyCharm 2019.1.3\jre64\bin\server

VM Arguments:
java_command: com.intellij.util.ReadEnv C:\Users\Administrator\AppData\Local\Temp\intellij-cmd-env.tmp
java_class_path (initial): D:\Program Files\PyCharm 2019.1.3\lib\util.jar
Launcher Type: SUN_STANDARD

[Global flags]
     intx CICompilerCount                          = 4                                         {product} {ergonomic}
     uint ConcGCThreads                            = 2                                         {product} {ergonomic}
     uint G1ConcRefinementThreads                  = 8                                         {product} {ergonomic}
   size_t G1HeapRegionSize                         = 1048576                                   {product} {ergonomic}
    uintx GCDrainStackTargetSize                   = 64                                        {product} {ergonomic}
   size_t InitialHeapSize                          = 134217728                                 {product} {ergonomic}
   size_t MarkStackSize                            = 4194304                                   {product} {ergonomic}
   size_t MaxHeapSize                              = 2116026368                                {product} {ergonomic}
   size_t MaxNewSize                               = 1268776960                                {product} {ergonomic}
   size_t MinHeapDeltaBytes                        = 1048576                                   {product} {ergonomic}
    uintx NonNMethodCodeHeapSize                   = 5835340                                {pd product} {ergonomic}
    uintx NonProfiledCodeHeapSize                  = 122911450                              {pd product} {ergonomic}
    uintx ProfiledCodeHeapSize                     = 122911450                              {pd product} {ergonomic}
    uintx ReservedCodeCacheSize                    = 251658240                              {pd product} {ergonomic}
     bool SegmentedCodeCache                       = true                                      {product} {ergonomic}
     bool UseCompressedClassPointers               = true                                 {lp64_product} {ergonomic}
     bool UseCompressedOops                        = true                                 {lp64_product} {ergonomic}
     bool UseG1GC                                  = true                                      {product} {ergonomic}
     bool UseLargePagesIndividualAllocation        = false                                  {pd product} {ergonomic}

Logging:
Log output configuration:
 #0: stdout all=warning uptime,level,tags
 #1: stderr all=off uptime,level,tags

Environment Variables:
PATH=D:\EduCation\bwonline\env\Scripts;D:\Program Files\Python37\Scripts\;D:\Program Files\Python37\;C:\Windows\system32;C:\Windows;C:\Windows\System32\Wbem;C:\Windows\System32\WindowsPowerShell\v1.0\;D:\Git\bin\bash.exe;C:\Windows\System32\OpenSSH\;C:\Program Files\NVIDIA Corporation\NVIDIA NvDLISR;C:\WINDOWS\system32;C:\WINDOWS;C:\WINDOWS\System32\Wbem;C:\WINDOWS\System32\WindowsPowerShell\v1.0\;C:\WINDOWS\System32\OpenSSH\;C:\Program Files (x86)\NVIDIA Corporation\PhysX\Common;D:\MySQL\bin;D:\mysql-5.7.25-winx64\bin;C:\WINDOWS\system32;C:\WINDOWS;C:\WINDOWS\System32\Wbem;C:\WINDOWS\System32\WindowsPowerShell\v1.0\;C:\WINDOWS\System32\OpenSSH\;D:\redis\;D:\MongoDB\bin;D:\OpenSSL-Win64\bin;D:\mysql-5.7.25-winx64\bin;D:\Git\cmd;D:\Git\bin\bash.exe;C:\Program Files\Docker\Docker\resources\bin;C:\ProgramData\DockerDesktop\version-bin;D:\Program Files\nodejs\;C:\Users\Administrator\AppData\Local\Microsoft\WindowsApps;D:\Program Files\PyCharm 2019.1.3\bin;;D:\OpenSSL-Win64\bin;D:\MongoDB\bin;D:\Microsoft VS Code\bin;D:\Git\bin\bash.exe;C:\Users\Administrator\AppData\Roaming\npm
USERNAME=Administrator
OS=Windows_NT
PROCESSOR_IDENTIFIER=Intel64 Family 6 Model 158 Stepping 10, GenuineIntel



---------------  S Y S T E M  ---------------

OS: Windows 10 , 64 bit Build 19041 (10.0.19041.662)

CPU:total 8 (initial active 8) (4 cores per cpu, 2 threads per core) family 6 model 158 stepping 10, cmov, cx8, fxsr, mmx, sse, sse2, sse3, ssse3, sse4.1, sse4.2, popcnt, avx, avx2, aes, clmul, erms, 3dnowpref, lzcnt, ht, tsc, tscinvbit, bmi1, bmi2, adx, fma

Memory: 4k page, system-wide physical 8066M (367M free)
TotalPageFile size 20866M (AvailPageFile size 1M)
current process WorkingSet (physical memory assigned to process): 31M, peak: 31M
current process commit charge ("private bytes"): 202M, peak: 202M

vm_info: OpenJDK 64-Bit Server VM (11.0.2+9-b159.60) for windows-amd64 JRE (11.0.2+9-b159.60), built on May 17 2019 14:03:25 by "" with MS VC++ 14.0 (VS2015)

END.
